TN:
SF:src/utils/time.ts
FN:3,formatTimeString
FN:18,formatSToMsString
FN:21,formatPickerToS
FN:27,formatNewTrackTimeToS
FNF:4
FNH:1
FNDA:3,formatTimeString
FNDA:0,formatSToMsString
FNDA:0,formatPickerToS
FNDA:0,formatNewTrackTimeToS
DA:1,1
DA:2,1
DA:3,1
DA:4,3
DA:5,3
DA:6,3
DA:7,3
DA:8,3
DA:9,3
DA:10,3
DA:11,3
DA:12,3
DA:13,3
DA:14,3
DA:15,3
DA:16,3
DA:17,1
DA:18,1
DA:19,1
DA:20,1
DA:21,1
DA:22,0
DA:23,0
DA:24,0
DA:25,0
DA:26,1
DA:27,1
DA:28,0
DA:29,0
DA:30,0
DA:31,0
DA:32,0
DA:33,0
DA:34,0
DA:35,0
DA:36,0
DA:37,0
DA:38,0
DA:39,0
DA:40,0
LF:40
LH:23
BRDA:3,0,0,3
BRDA:11,1,0,0
BRDA:12,2,0,0
BRDA:13,3,0,0
BRF:4
BRH:1
end_of_record
